FILE [INFO ] 2022-02-03 10:08:54,673 main Sort Manager Logger - User Ran Bubble Sort, it took 62800 milliseconds, for an array with5 3 4 2 1
FILE [INFO ] 2022-02-03 10:08:54,676 main Sort Manager Logger - User Ran Merge Sort, it took 7800 milliseconds, for an array with5 3 4 2 1 
FILE [INFO ] 2022-02-03 10:43:31,714 main Sort Manager Logger - User Ran Bubble Sort, it took 142500 milliseconds, for an array with 5 4 6 3 1 2 
FILE [INFO ] 2022-02-03 10:43:31,721 main Sort Manager Logger - User Ran Merge Sort, it took 8100 milliseconds, for an array with 5 4 6 3 1 2 
FILE [INFO ] 2022-02-03 11:05:19,101 main Sort Manager Logger - Bubble Sort timing test ran in 26800 for an array size of +10
FILE [INFO ] 2022-02-03 11:05:19,106 main Sort Manager Logger - Bubble Sort timing test ran in 143800 for an array size of +100
FILE [INFO ] 2022-02-03 11:05:19,108 main Sort Manager Logger - Bubble Sort timing test ran in 1005400 for an array size of +1000
FILE [INFO ] 2022-02-03 11:54:23,334 main Sort Manager Logger - User Ran Bubble Sort, it took 56600 milliseconds, for an array with 6 1 3 4 
FILE [WARN ] 2022-02-03 11:59:51,279 main Sort Manager Logger - Bubble Sort timing test ran in 144400 for an array size of +10
FILE [WARN ] 2022-02-03 12:00:27,940 main Sort Manager Logger - Bubble Sort timing test ran in 181500 for an array size of +10
FILE [WARN ] 2022-02-03 12:00:27,946 main Sort Manager Logger - Bubble Sort timing test ran in 128800 for an array size of +100
FILE [WARN ] 2022-02-03 12:00:27,947 main Sort Manager Logger - Bubble Sort timing test ran in 120200 for an array size of +1000
FILE [WARN ] 2022-02-03 12:00:52,739 main Sort Manager Logger - Merge Sort timing test ran in 24900 for an array size of +10
FILE [WARN ] 2022-02-03 12:00:52,747 main Sort Manager Logger - Merge Sort timing test ran in 646200 for an array size of +100
FILE [WARN ] 2022-02-03 12:00:52,750 main Sort Manager Logger - Merge Sort timing test ran in 793300 for an array size of +1000
FILE [INFO ] 2022-02-03 15:04:37,694 main Sort Manager Logger - User Ran Bubble Sort, it took 54400 milliseconds, for an array with 3 4 1 2 
FILE [INFO ] 2022-02-03 15:04:37,698 main Sort Manager Logger - User Ran Merge Sort, it took 6200 milliseconds, for an array with 3 4 1 2 
FILE [INFO ] 2022-02-03 15:09:37,503 main Sort Manager Logger - User Ran Merge Sort, it took 11300 milliseconds, for an array with 5 1 3 4 2 
FILE [INFO ] 2022-02-03 16:57:12,745 main Sort Manager Logger - User Ran Bubble Sort, it took 72700 milliseconds, for an array with 5 6 4 2 7 
FILE [INFO ] 2022-02-03 16:57:12,748 main Sort Manager Logger - User Ran Merge Sort, it took 7200 milliseconds, for an array with 5 6 4 2 7 
FILE [INFO ] 2022-02-03 16:57:50,102 main Sort Manager Logger - User Ran Bubble Sort, it took 100700 milliseconds, for an array with 5 6 4 2 7 
FILE [INFO ] 2022-02-03 16:57:50,107 main Sort Manager Logger - User Ran Merge Sort, it took 10200 milliseconds, for an array with 5 6 4 2 7 
FILE [INFO ] 2022-02-03 16:58:00,400 main Sort Manager Logger - User Ran Bubble Sort, it took 53600 milliseconds, for an array with 5 6 4 2 7 
FILE [INFO ] 2022-02-03 16:58:00,405 main Sort Manager Logger - User Ran Merge Sort, it took 8500 milliseconds, for an array with 5 6 4 2 7 
FILE [INFO ] 2022-02-03 17:01:07,583 main Sort Manager Logger - User Ran Bubble Sort, it took 51000 milliseconds, for an array with 5 6 4 2 7 
FILE [INFO ] 2022-02-03 17:01:07,589 main Sort Manager Logger - User Ran Bubble Sort, it took 17000 milliseconds, for an array with 5 6 4 2 7 
FILE [INFO ] 2022-02-03 17:01:07,591 main Sort Manager Logger - User Ran Merge Sort, it took 8300 milliseconds, for an array with 5 6 4 2 7 
